<?xml version="1.0" encoding="UTF-8"?>
<TestRun id="2e4a3f32-11ab-41c0-aad2-4cd0bac1c8cc" name="Austin@AUSTIN-LAPTOP 2012-10-04 01:11:49" runUser="Austin-Laptop\Austin" xmlns="http://microsoft.com/schemas/VisualStudio/TeamTest/2010">
  <TestSettings name="Local" id="73fe52ec-4f2f-4e88-b818-ba7e66f9e8e5">
    <Description>These are default test settings for a local test run.</Description>
    <Deployment enabled="false" runDeploymentRoot="Austin_AUSTIN-LAPTOP 2012-10-04 01_11_49">
      <DeploymentItem filename="C:\Users\Austin\Documents\Visual Studio 2010\Projects\CodingChallenge\L3tha1Achievements\L3tha1Achievements\bin\Debug\L3tha1Achievements.exe" />
      <DeploymentItem filename="C:\Users\Austin\Documents\Visual Studio 2010\Projects\CodingChallenge\L3tha1Achievements\LATesting\System.Data.SQLite.dll" />
    </Deployment>
    <Execution>
      <TestTypeSpecific />
      <AgentRule name="Execution Agents">
      </AgentRule>
    </Execution>
  </TestSettings>
  <Times creation="2012-10-04T01:11:49.2090066-05:00" queuing="2012-10-04T01:11:49.4550207-05:00" start="2012-10-04T01:11:49.5030234-05:00" finish="2012-10-04T01:11:51.6141442-05:00" />
  <ResultSummary outcome="Completed">
    <Counters total="4" executed="4" passed="4" error="0" failed="0" timeout="0" aborted="0" inconclusive="0" passedButRunAborted="0" notRunnable="0" notExecuted="0" disconnected="0" warning="0" completed="0" inProgress="0" pending="0" />
  </ResultSummary>
  <TestDefinitions>
    <UnitTest name="RunBlankGame" storage="c:\users\austin\documents\visual studio 2010\projects\codingchallenge\l3tha1achievements\latesting\bin\debug\latesting.dll" id="be891441-54d1-746a-1327-8f4d2f22ff1f">
      <Execution id="5f1e6c6a-40a1-4c4d-a72d-825223bb8692" />
      <TestMethod codeBase="C:/Users/Austin/Documents/Visual Studio 2010/Projects/CodingChallenge/L3tha1Achievements/LATesting/bin/Debug/LATesting.DLL" adapterTypeName="Microsoft.VisualStudio.TestTools.TestTypes.Unit.UnitTestAdapter, Microsoft.VisualStudio.QualityTools.Tips.UnitTest.Adapter, Version=10.0.0.0, Culture=neutral, PublicKeyToken=b03f5f7f11d50a3a" className="LATesting.TestGameOver, LATesting, Version=1.0.0.0, Culture=neutral, PublicKeyToken=null" name="RunBlankGame" />
    </UnitTest>
    <UnitTest name="RunBlankGameWithBlankPlayers" storage="c:\users\austin\documents\visual studio 2010\projects\codingchallenge\l3tha1achievements\latesting\bin\debug\latesting.dll" id="92c9b762-c6f9-2d71-8507-0727a4fa54ad">
      <Execution id="cfe1ce09-a2cd-4932-a116-5e52c7fe9539" />
      <TestMethod codeBase="C:/Users/Austin/Documents/Visual Studio 2010/Projects/CodingChallenge/L3tha1Achievements/LATesting/bin/Debug/LATesting.DLL" adapterTypeName="Microsoft.VisualStudio.TestTools.TestTypes.Unit.UnitTestAdapter, Microsoft.VisualStudio.QualityTools.Tips.UnitTest.Adapter, Version=10.0.0.0, Culture=neutral, PublicKeyToken=b03f5f7f11d50a3a" className="LATesting.TestGameOver, LATesting, Version=1.0.0.0, Culture=neutral, PublicKeyToken=null" name="RunBlankGameWithBlankPlayers" />
    </UnitTest>
    <UnitTest name="TestConnection" storage="c:\users\austin\documents\visual studio 2010\projects\codingchallenge\l3tha1achievements\latesting\bin\debug\latesting.dll" id="ad20cce0-f5a4-5c2d-2814-89e48a4f7349">
      <Execution id="e7bc1ff0-a8af-4d0c-a73b-01906a541665" />
      <TestMethod codeBase="C:/Users/Austin/Documents/Visual Studio 2010/Projects/CodingChallenge/L3tha1Achievements/LATesting/bin/Debug/LATesting.DLL" adapterTypeName="Microsoft.VisualStudio.TestTools.TestTypes.Unit.UnitTestAdapter, Microsoft.VisualStudio.QualityTools.Tips.UnitTest.Adapter, Version=10.0.0.0, Culture=neutral, PublicKeyToken=b03f5f7f11d50a3a" className="LATesting.TestGameOver, LATesting, Version=1.0.0.0, Culture=neutral, PublicKeyToken=null" name="TestConnection" />
    </UnitTest>
    <UnitTest name="RunRandomGame" storage="c:\users\austin\documents\visual studio 2010\projects\codingchallenge\l3tha1achievements\latesting\bin\debug\latesting.dll" id="e157a724-c08a-c4f6-17c1-285c8f1053d5">
      <Execution id="110582d5-01c7-423c-ba8c-a0a4bbb6040e" />
      <TestMethod codeBase="C:/Users/Austin/Documents/Visual Studio 2010/Projects/CodingChallenge/L3tha1Achievements/LATesting/bin/Debug/LATesting.DLL" adapterTypeName="Microsoft.VisualStudio.TestTools.TestTypes.Unit.UnitTestAdapter, Microsoft.VisualStudio.QualityTools.Tips.UnitTest.Adapter, Version=10.0.0.0, Culture=neutral, PublicKeyToken=b03f5f7f11d50a3a" className="LATesting.TestGameOver, LATesting, Version=1.0.0.0, Culture=neutral, PublicKeyToken=null" name="RunRandomGame" />
    </UnitTest>
  </TestDefinitions>
  <TestLists>
    <TestList name="Results Not in a List" id="8c84fa94-04c1-424b-9868-57a2d4851a1d" />
    <TestList name="All Loaded Results" id="19431567-8539-422a-85d7-44ee4e166bda" />
  </TestLists>
  <TestEntries>
    <TestEntry testId="92c9b762-c6f9-2d71-8507-0727a4fa54ad" executionId="cfe1ce09-a2cd-4932-a116-5e52c7fe9539" testListId="8c84fa94-04c1-424b-9868-57a2d4851a1d" />
    <TestEntry testId="ad20cce0-f5a4-5c2d-2814-89e48a4f7349" executionId="e7bc1ff0-a8af-4d0c-a73b-01906a541665" testListId="8c84fa94-04c1-424b-9868-57a2d4851a1d" />
    <TestEntry testId="be891441-54d1-746a-1327-8f4d2f22ff1f" executionId="5f1e6c6a-40a1-4c4d-a72d-825223bb8692" testListId="8c84fa94-04c1-424b-9868-57a2d4851a1d" />
    <TestEntry testId="e157a724-c08a-c4f6-17c1-285c8f1053d5" executionId="110582d5-01c7-423c-ba8c-a0a4bbb6040e" testListId="8c84fa94-04c1-424b-9868-57a2d4851a1d" />
  </TestEntries>
  <Results>
    <UnitTestResult executionId="cfe1ce09-a2cd-4932-a116-5e52c7fe9539" testId="92c9b762-c6f9-2d71-8507-0727a4fa54ad" testName="RunBlankGameWithBlankPlayers" computerName="AUSTIN-LAPTOP" duration="00:00:00.2869404" startTime="2012-10-04T01:11:49.5150241-05:00" endTime="2012-10-04T01:11:50.1160585-05:00" testType="13cdc9d9-ddb5-4fa4-a97d-d965ccfc6d4b" outcome="Passed" testListId="8c84fa94-04c1-424b-9868-57a2d4851a1d" relativeResultsDirectory="cfe1ce09-a2cd-4932-a116-5e52c7fe9539">
    </UnitTestResult>
    <UnitTestResult executionId="e7bc1ff0-a8af-4d0c-a73b-01906a541665" testId="ad20cce0-f5a4-5c2d-2814-89e48a4f7349" testName="TestConnection" computerName="AUSTIN-LAPTOP" duration="00:00:00.0038120" startTime="2012-10-04T01:11:50.1190586-05:00" endTime="2012-10-04T01:11:50.1290592-05:00" testType="13cdc9d9-ddb5-4fa4-a97d-d965ccfc6d4b" outcome="Passed" testListId="8c84fa94-04c1-424b-9868-57a2d4851a1d" relativeResultsDirectory="e7bc1ff0-a8af-4d0c-a73b-01906a541665">
    </UnitTestResult>
    <UnitTestResult executionId="5f1e6c6a-40a1-4c4d-a72d-825223bb8692" testId="be891441-54d1-746a-1327-8f4d2f22ff1f" testName="RunBlankGame" computerName="AUSTIN-LAPTOP" duration="00:00:00.0070447" startTime="2012-10-04T01:11:50.1310593-05:00" endTime="2012-10-04T01:11:50.1430600-05:00" testType="13cdc9d9-ddb5-4fa4-a97d-d965ccfc6d4b" outcome="Passed" testListId="8c84fa94-04c1-424b-9868-57a2d4851a1d" relativeResultsDirectory="5f1e6c6a-40a1-4c4d-a72d-825223bb8692">
    </UnitTestResult>
    <UnitTestResult executionId="110582d5-01c7-423c-ba8c-a0a4bbb6040e" testId="e157a724-c08a-c4f6-17c1-285c8f1053d5" testName="RunRandomGame" computerName="AUSTIN-LAPTOP" duration="00:00:01.4332087" startTime="2012-10-04T01:11:50.1460602-05:00" endTime="2012-10-04T01:11:51.5841424-05:00" testType="13cdc9d9-ddb5-4fa4-a97d-d965ccfc6d4b" outcome="Passed" testListId="8c84fa94-04c1-424b-9868-57a2d4851a1d" relativeResultsDirectory="110582d5-01c7-423c-ba8c-a0a4bbb6040e">
    </UnitTestResult>
  </Results>
</TestRun>