<?xml version="1.0" encoding="UTF-8"?>
<TestRun id="d62afb6f-bbef-48c3-83e4-e544c03c847e" name="Austin@AUSTIN-LAPTOP 2012-10-04 01:22:56" runUser="Austin-Laptop\Austin" xmlns="http://microsoft.com/schemas/VisualStudio/TeamTest/2010">
  <TestSettings name="Local" id="73fe52ec-4f2f-4e88-b818-ba7e66f9e8e5">
    <Description>These are default test settings for a local test run.</Description>
    <Deployment enabled="false" runDeploymentRoot="Austin_AUSTIN-LAPTOP 2012-10-04 01_22_56">
      <DeploymentItem filename="C:\Users\Austin\Documents\Visual Studio 2010\Projects\CodingChallenge\L3tha1Achievements\L3tha1Achievements\bin\Debug\L3tha1Achievements.exe" />
      <DeploymentItem filename="C:\Users\Austin\Documents\Visual Studio 2010\Projects\CodingChallenge\L3tha1Achievements\LATesting\System.Data.SQLite.dll" />
    </Deployment>
    <Execution>
      <TestTypeSpecific />
      <AgentRule name="Execution Agents">
      </AgentRule>
    </Execution>
  </TestSettings>
  <Times creation="2012-10-04T01:22:56.6971847-05:00" queuing="2012-10-04T01:22:56.7151858-05:00" start="2012-10-04T01:22:56.7241863-05:00" finish="2012-10-04T01:22:58.4382843-05:00" />
  <ResultSummary outcome="Failed">
    <Counters total="5" executed="5" passed="4" error="0" failed="1" timeout="0" aborted="0" inconclusive="0" passedButRunAborted="0" notRunnable="0" notExecuted="0" disconnected="0" warning="0" completed="0" inProgress="0" pending="0" />
  </ResultSummary>
  <TestDefinitions>
    <UnitTest name="RunBlankGame" storage="c:\users\austin\documents\visual studio 2010\projects\codingchallenge\l3tha1achievements\latesting\bin\debug\latesting.dll" id="be891441-54d1-746a-1327-8f4d2f22ff1f">
      <Execution id="b66d319f-028a-4868-b44c-f31728f425d2" />
      <TestMethod codeBase="C:/Users/Austin/Documents/Visual Studio 2010/Projects/CodingChallenge/L3tha1Achievements/LATesting/bin/Debug/LATesting.DLL" adapterTypeName="Microsoft.VisualStudio.TestTools.TestTypes.Unit.UnitTestAdapter, Microsoft.VisualStudio.QualityTools.Tips.UnitTest.Adapter, Version=10.0.0.0, Culture=neutral, PublicKeyToken=b03f5f7f11d50a3a" className="LATesting.TestGameOver, LATesting, Version=1.0.0.0, Culture=neutral, PublicKeyToken=null" name="RunBlankGame" />
    </UnitTest>
    <UnitTest name="RunBlankGameWithBlankPlayers" storage="c:\users\austin\documents\visual studio 2010\projects\codingchallenge\l3tha1achievements\latesting\bin\debug\latesting.dll" id="92c9b762-c6f9-2d71-8507-0727a4fa54ad">
      <Execution id="8f55e91e-1aaa-4bfe-9ea3-a65692290f8b" />
      <TestMethod codeBase="C:/Users/Austin/Documents/Visual Studio 2010/Projects/CodingChallenge/L3tha1Achievements/LATesting/bin/Debug/LATesting.DLL" adapterTypeName="Microsoft.VisualStudio.TestTools.TestTypes.Unit.UnitTestAdapter, Microsoft.VisualStudio.QualityTools.Tips.UnitTest.Adapter, Version=10.0.0.0, Culture=neutral, PublicKeyToken=b03f5f7f11d50a3a" className="LATesting.TestGameOver, LATesting, Version=1.0.0.0, Culture=neutral, PublicKeyToken=null" name="RunBlankGameWithBlankPlayers" />
    </UnitTest>
    <UnitTest name="TestConnection" storage="c:\users\austin\documents\visual studio 2010\projects\codingchallenge\l3tha1achievements\latesting\bin\debug\latesting.dll" id="ad20cce0-f5a4-5c2d-2814-89e48a4f7349">
      <Execution id="579ebe0d-bd9f-4b26-a1ed-a53cec44d762" />
      <TestMethod codeBase="C:/Users/Austin/Documents/Visual Studio 2010/Projects/CodingChallenge/L3tha1Achievements/LATesting/bin/Debug/LATesting.DLL" adapterTypeName="Microsoft.VisualStudio.TestTools.TestTypes.Unit.UnitTestAdapter, Microsoft.VisualStudio.QualityTools.Tips.UnitTest.Adapter, Version=10.0.0.0, Culture=neutral, PublicKeyToken=b03f5f7f11d50a3a" className="LATesting.TestGameOver, LATesting, Version=1.0.0.0, Culture=neutral, PublicKeyToken=null" name="TestConnection" />
    </UnitTest>
    <UnitTest name="TestAchievements" storage="c:\users\austin\documents\visual studio 2010\projects\codingchallenge\l3tha1achievements\latesting\bin\debug\latesting.dll" id="dc330f0b-4a6d-6854-4ca6-69ce547540a3">
      <Execution id="0a3399d6-fdef-46c8-aa1c-8aacd6bd4f5c" />
      <TestMethod codeBase="C:/Users/Austin/Documents/Visual Studio 2010/Projects/CodingChallenge/L3tha1Achievements/LATesting/bin/Debug/LATesting.DLL" adapterTypeName="Microsoft.VisualStudio.TestTools.TestTypes.Unit.UnitTestAdapter, Microsoft.VisualStudio.QualityTools.Tips.UnitTest.Adapter, Version=10.0.0.0, Culture=neutral, PublicKeyToken=b03f5f7f11d50a3a" className="LATesting.TestGameOver, LATesting, Version=1.0.0.0, Culture=neutral, PublicKeyToken=null" name="TestAchievements" />
    </UnitTest>
    <UnitTest name="RunRandomGame" storage="c:\users\austin\documents\visual studio 2010\projects\codingchallenge\l3tha1achievements\latesting\bin\debug\latesting.dll" id="e157a724-c08a-c4f6-17c1-285c8f1053d5">
      <Execution id="ab8cacc6-cc7f-4b0b-bc40-cc45fe7e55df" />
      <TestMethod codeBase="C:/Users/Austin/Documents/Visual Studio 2010/Projects/CodingChallenge/L3tha1Achievements/LATesting/bin/Debug/LATesting.DLL" adapterTypeName="Microsoft.VisualStudio.TestTools.TestTypes.Unit.UnitTestAdapter, Microsoft.VisualStudio.QualityTools.Tips.UnitTest.Adapter, Version=10.0.0.0, Culture=neutral, PublicKeyToken=b03f5f7f11d50a3a" className="LATesting.TestGameOver, LATesting, Version=1.0.0.0, Culture=neutral, PublicKeyToken=null" name="RunRandomGame" />
    </UnitTest>
  </TestDefinitions>
  <TestLists>
    <TestList name="Results Not in a List" id="8c84fa94-04c1-424b-9868-57a2d4851a1d" />
    <TestList name="All Loaded Results" id="19431567-8539-422a-85d7-44ee4e166bda" />
  </TestLists>
  <TestEntries>
    <TestEntry testId="92c9b762-c6f9-2d71-8507-0727a4fa54ad" executionId="8f55e91e-1aaa-4bfe-9ea3-a65692290f8b" testListId="8c84fa94-04c1-424b-9868-57a2d4851a1d" />
    <TestEntry testId="ad20cce0-f5a4-5c2d-2814-89e48a4f7349" executionId="579ebe0d-bd9f-4b26-a1ed-a53cec44d762" testListId="8c84fa94-04c1-424b-9868-57a2d4851a1d" />
    <TestEntry testId="be891441-54d1-746a-1327-8f4d2f22ff1f" executionId="b66d319f-028a-4868-b44c-f31728f425d2" testListId="8c84fa94-04c1-424b-9868-57a2d4851a1d" />
    <TestEntry testId="dc330f0b-4a6d-6854-4ca6-69ce547540a3" executionId="0a3399d6-fdef-46c8-aa1c-8aacd6bd4f5c" testListId="8c84fa94-04c1-424b-9868-57a2d4851a1d" />
    <TestEntry testId="e157a724-c08a-c4f6-17c1-285c8f1053d5" executionId="ab8cacc6-cc7f-4b0b-bc40-cc45fe7e55df" testListId="8c84fa94-04c1-424b-9868-57a2d4851a1d" />
  </TestEntries>
  <Results>
    <UnitTestResult executionId="8f55e91e-1aaa-4bfe-9ea3-a65692290f8b" testId="92c9b762-c6f9-2d71-8507-0727a4fa54ad" testName="RunBlankGameWithBlankPlayers" computerName="AUSTIN-LAPTOP" duration="00:00:00.1180766" startTime="2012-10-04T01:22:56.7261864-05:00" endTime="2012-10-04T01:22:57.0992077-05:00" testType="13cdc9d9-ddb5-4fa4-a97d-d965ccfc6d4b" outcome="Passed" testListId="8c84fa94-04c1-424b-9868-57a2d4851a1d" relativeResultsDirectory="8f55e91e-1aaa-4bfe-9ea3-a65692290f8b">
    </UnitTestResult>
    <UnitTestResult executionId="579ebe0d-bd9f-4b26-a1ed-a53cec44d762" testId="ad20cce0-f5a4-5c2d-2814-89e48a4f7349" testName="TestConnection" computerName="AUSTIN-LAPTOP" duration="00:00:00.0044881" startTime="2012-10-04T01:22:57.1032080-05:00" endTime="2012-10-04T01:22:57.1132085-05:00" testType="13cdc9d9-ddb5-4fa4-a97d-d965ccfc6d4b" outcome="Passed" testListId="8c84fa94-04c1-424b-9868-57a2d4851a1d" relativeResultsDirectory="579ebe0d-bd9f-4b26-a1ed-a53cec44d762">
    </UnitTestResult>
    <UnitTestResult executionId="b66d319f-028a-4868-b44c-f31728f425d2" testId="be891441-54d1-746a-1327-8f4d2f22ff1f" testName="RunBlankGame" computerName="AUSTIN-LAPTOP" duration="00:00:00.0066649" startTime="2012-10-04T01:22:57.1162087-05:00" endTime="2012-10-04T01:22:57.1272093-05:00" testType="13cdc9d9-ddb5-4fa4-a97d-d965ccfc6d4b" outcome="Passed" testListId="8c84fa94-04c1-424b-9868-57a2d4851a1d" relativeResultsDirectory="b66d319f-028a-4868-b44c-f31728f425d2">
    </UnitTestResult>
    <UnitTestResult executionId="0a3399d6-fdef-46c8-aa1c-8aacd6bd4f5c" testId="dc330f0b-4a6d-6854-4ca6-69ce547540a3" testName="TestAchievements" computerName="AUSTIN-LAPTOP" duration="00:00:00.0354621" startTime="2012-10-04T01:22:57.1302095-05:00" endTime="2012-10-04T01:22:57.1702118-05:00" testType="13cdc9d9-ddb5-4fa4-a97d-d965ccfc6d4b" outcome="Failed" testListId="8c84fa94-04c1-424b-9868-57a2d4851a1d" relativeResultsDirectory="0a3399d6-fdef-46c8-aa1c-8aacd6bd4f5c">
      <Output>
        <ErrorInfo>
          <Message>Assert.Fail failed. </Message>
          <StackTrace>   at LATesting.TestGameOver.TestAchievements() in C:\Users\Austin\Documents\Visual Studio 2010\Projects\CodingChallenge\L3tha1Achievements\LATesting\TestGameOver.cs:line 111
</StackTrace>
        </ErrorInfo>
      </Output>
    </UnitTestResult>
    <UnitTestResult executionId="ab8cacc6-cc7f-4b0b-bc40-cc45fe7e55df" testId="e157a724-c08a-c4f6-17c1-285c8f1053d5" testName="RunRandomGame" computerName="AUSTIN-LAPTOP" duration="00:00:01.2287024" startTime="2012-10-04T01:22:57.1732120-05:00" endTime="2012-10-04T01:22:58.4062825-05:00" testType="13cdc9d9-ddb5-4fa4-a97d-d965ccfc6d4b" outcome="Passed" testListId="8c84fa94-04c1-424b-9868-57a2d4851a1d" relativeResultsDirectory="ab8cacc6-cc7f-4b0b-bc40-cc45fe7e55df">
    </UnitTestResult>
  </Results>
</TestRun>