<?xml version="1.0" encoding="UTF-8"?>
<TestRun id="5f9754d5-0802-48a9-968f-a89a5d65990b" name="Austin@AUSTIN-LAPTOP 2012-10-05 00:11:45" runUser="Austin-Laptop\Austin" xmlns="http://microsoft.com/schemas/VisualStudio/TeamTest/2010">
  <TestSettings name="Local" id="73fe52ec-4f2f-4e88-b818-ba7e66f9e8e5">
    <Description>These are default test settings for a local test run.</Description>
    <Deployment enabled="false" runDeploymentRoot="Austin_AUSTIN-LAPTOP 2012-10-05 00_11_45">
      <DeploymentItem filename="C:\Users\Austin\Documents\Visual Studio 2010\Projects\CodingChallenge\L3tha1Achievements\L3tha1Achievements\bin\Debug\L3tha1Achievements.exe" />
      <DeploymentItem filename="C:\Users\Austin\Documents\Visual Studio 2010\Projects\CodingChallenge\L3tha1Achievements\LATesting\System.Data.SQLite.dll" />
    </Deployment>
    <Execution>
      <TestTypeSpecific />
      <AgentRule name="Execution Agents">
      </AgentRule>
    </Execution>
  </TestSettings>
  <Times creation="2012-10-05T00:11:45.7413709-05:00" queuing="2012-10-05T00:11:46.7709727-05:00" start="2012-10-05T00:11:46.9425730-05:00" finish="2012-10-05T00:12:03.1666015-05:00" />
  <ResultSummary outcome="Error">
    <Counters total="5" executed="4" passed="3" error="0" failed="0" timeout="0" aborted="1" inconclusive="0" passedButRunAborted="0" notRunnable="0" notExecuted="1" disconnected="0" warning="0" completed="0" inProgress="0" pending="0" />
    <RunInfos>
      <RunInfo computerName="AUSTIN-LAPTOP" outcome="Error" timestamp="2012-10-05T00:12:03.1666015-05:00">
        <Text>Test host process exited unexpectedly.</Text>
      </RunInfo>
    </RunInfos>
  </ResultSummary>
  <TestDefinitions>
    <UnitTest name="RunBlankGame" storage="c:\users\austin\documents\visual studio 2010\projects\codingchallenge\l3tha1achievements\latesting\bin\debug\latesting.dll" id="be891441-54d1-746a-1327-8f4d2f22ff1f">
      <Execution id="3ec72195-4597-4d88-be81-7c69d870935c" />
      <TestMethod codeBase="C:/Users/Austin/Documents/Visual Studio 2010/Projects/CodingChallenge/L3tha1Achievements/LATesting/bin/Debug/LATesting.DLL" adapterTypeName="Microsoft.VisualStudio.TestTools.TestTypes.Unit.UnitTestAdapter, Microsoft.VisualStudio.QualityTools.Tips.UnitTest.Adapter, Version=10.0.0.0, Culture=neutral, PublicKeyToken=b03f5f7f11d50a3a" className="LATesting.TestGameOver, LATesting, Version=1.0.0.0, Culture=neutral, PublicKeyToken=null" name="RunBlankGame" />
    </UnitTest>
    <UnitTest name="RunBlankGameWithBlankPlayers" storage="c:\users\austin\documents\visual studio 2010\projects\codingchallenge\l3tha1achievements\latesting\bin\debug\latesting.dll" id="92c9b762-c6f9-2d71-8507-0727a4fa54ad">
      <Execution id="6d6fa6f1-3774-4089-8c33-e378c596fe19" />
      <TestMethod codeBase="C:/Users/Austin/Documents/Visual Studio 2010/Projects/CodingChallenge/L3tha1Achievements/LATesting/bin/Debug/LATesting.DLL" adapterTypeName="Microsoft.VisualStudio.TestTools.TestTypes.Unit.UnitTestAdapter, Microsoft.VisualStudio.QualityTools.Tips.UnitTest.Adapter, Version=10.0.0.0, Culture=neutral, PublicKeyToken=b03f5f7f11d50a3a" className="LATesting.TestGameOver, LATesting, Version=1.0.0.0, Culture=neutral, PublicKeyToken=null" name="RunBlankGameWithBlankPlayers" />
    </UnitTest>
    <UnitTest name="TestConnection" storage="c:\users\austin\documents\visual studio 2010\projects\codingchallenge\l3tha1achievements\latesting\bin\debug\latesting.dll" id="ad20cce0-f5a4-5c2d-2814-89e48a4f7349">
      <Execution id="6a0cef67-ced8-4087-b0ea-f0e32e2ff3a3" />
      <TestMethod codeBase="C:/Users/Austin/Documents/Visual Studio 2010/Projects/CodingChallenge/L3tha1Achievements/LATesting/bin/Debug/LATesting.DLL" adapterTypeName="Microsoft.VisualStudio.TestTools.TestTypes.Unit.UnitTestAdapter, Microsoft.VisualStudio.QualityTools.Tips.UnitTest.Adapter, Version=10.0.0.0, Culture=neutral, PublicKeyToken=b03f5f7f11d50a3a" className="LATesting.TestGameOver, LATesting, Version=1.0.0.0, Culture=neutral, PublicKeyToken=null" name="TestConnection" />
    </UnitTest>
    <UnitTest name="TestAchievements" storage="c:\users\austin\documents\visual studio 2010\projects\codingchallenge\l3tha1achievements\latesting\bin\debug\latesting.dll" id="dc330f0b-4a6d-6854-4ca6-69ce547540a3">
      <Execution id="c22d89bc-77ee-4aa9-bd08-61409697afaa" />
      <TestMethod codeBase="C:/Users/Austin/Documents/Visual Studio 2010/Projects/CodingChallenge/L3tha1Achievements/LATesting/bin/Debug/LATesting.DLL" adapterTypeName="Microsoft.VisualStudio.TestTools.TestTypes.Unit.UnitTestAdapter, Microsoft.VisualStudio.QualityTools.Tips.UnitTest.Adapter, Version=10.0.0.0, Culture=neutral, PublicKeyToken=b03f5f7f11d50a3a" className="LATesting.TestGameOver, LATesting, Version=1.0.0.0, Culture=neutral, PublicKeyToken=null" name="TestAchievements" />
    </UnitTest>
    <UnitTest name="RunRandomGame" storage="c:\users\austin\documents\visual studio 2010\projects\codingchallenge\l3tha1achievements\latesting\bin\debug\latesting.dll" id="e157a724-c08a-c4f6-17c1-285c8f1053d5">
      <Execution id="88657566-286f-479a-9db4-e8f71b623700" />
      <TestMethod codeBase="C:/Users/Austin/Documents/Visual Studio 2010/Projects/CodingChallenge/L3tha1Achievements/LATesting/bin/Debug/LATesting.DLL" adapterTypeName="Microsoft.VisualStudio.TestTools.TestTypes.Unit.UnitTestAdapter, Microsoft.VisualStudio.QualityTools.Tips.UnitTest.Adapter, Version=10.0.0.0, Culture=neutral, PublicKeyToken=b03f5f7f11d50a3a" className="LATesting.TestGameOver, LATesting, Version=1.0.0.0, Culture=neutral, PublicKeyToken=null" name="RunRandomGame" />
    </UnitTest>
  </TestDefinitions>
  <TestLists>
    <TestList name="Results Not in a List" id="8c84fa94-04c1-424b-9868-57a2d4851a1d" />
    <TestList name="All Loaded Results" id="19431567-8539-422a-85d7-44ee4e166bda" />
  </TestLists>
  <TestEntries>
    <TestEntry testId="92c9b762-c6f9-2d71-8507-0727a4fa54ad" executionId="6d6fa6f1-3774-4089-8c33-e378c596fe19" testListId="8c84fa94-04c1-424b-9868-57a2d4851a1d" />
    <TestEntry testId="ad20cce0-f5a4-5c2d-2814-89e48a4f7349" executionId="6a0cef67-ced8-4087-b0ea-f0e32e2ff3a3" testListId="8c84fa94-04c1-424b-9868-57a2d4851a1d" />
    <TestEntry testId="be891441-54d1-746a-1327-8f4d2f22ff1f" executionId="3ec72195-4597-4d88-be81-7c69d870935c" testListId="8c84fa94-04c1-424b-9868-57a2d4851a1d" />
    <TestEntry testId="dc330f0b-4a6d-6854-4ca6-69ce547540a3" executionId="c22d89bc-77ee-4aa9-bd08-61409697afaa" testListId="8c84fa94-04c1-424b-9868-57a2d4851a1d" />
    <TestEntry testId="e157a724-c08a-c4f6-17c1-285c8f1053d5" executionId="88657566-286f-479a-9db4-e8f71b623700" testListId="8c84fa94-04c1-424b-9868-57a2d4851a1d" />
  </TestEntries>
  <Results>
    <UnitTestResult executionId="6d6fa6f1-3774-4089-8c33-e378c596fe19" testId="92c9b762-c6f9-2d71-8507-0727a4fa54ad" testName="RunBlankGameWithBlankPlayers" computerName="AUSTIN-LAPTOP" duration="00:00:00.2882466" startTime="2012-10-05T00:11:47.0829732-05:00" endTime="2012-10-05T00:11:48.5025757-05:00" testType="13cdc9d9-ddb5-4fa4-a97d-d965ccfc6d4b" outcome="Passed" testListId="8c84fa94-04c1-424b-9868-57a2d4851a1d" relativeResultsDirectory="6d6fa6f1-3774-4089-8c33-e378c596fe19">
    </UnitTestResult>
    <UnitTestResult executionId="6a0cef67-ced8-4087-b0ea-f0e32e2ff3a3" testId="ad20cce0-f5a4-5c2d-2814-89e48a4f7349" testName="TestConnection" computerName="AUSTIN-LAPTOP" duration="00:00:00.0062700" startTime="2012-10-05T00:11:48.5337758-05:00" endTime="2012-10-05T00:11:48.5493758-05:00" testType="13cdc9d9-ddb5-4fa4-a97d-d965ccfc6d4b" outcome="Passed" testListId="8c84fa94-04c1-424b-9868-57a2d4851a1d" relativeResultsDirectory="6a0cef67-ced8-4087-b0ea-f0e32e2ff3a3">
    </UnitTestResult>
    <UnitTestResult executionId="3ec72195-4597-4d88-be81-7c69d870935c" testId="be891441-54d1-746a-1327-8f4d2f22ff1f" testName="RunBlankGame" computerName="AUSTIN-LAPTOP" duration="00:00:00.0287568" startTime="2012-10-05T00:11:48.5493758-05:00" endTime="2012-10-05T00:11:48.5961759-05:00" testType="13cdc9d9-ddb5-4fa4-a97d-d965ccfc6d4b" outcome="Passed" testListId="8c84fa94-04c1-424b-9868-57a2d4851a1d" relativeResultsDirectory="3ec72195-4597-4d88-be81-7c69d870935c">
    </UnitTestResult>
    <UnitTestResult executionId="c22d89bc-77ee-4aa9-bd08-61409697afaa" testId="dc330f0b-4a6d-6854-4ca6-69ce547540a3" testName="TestAchievements" computerName="AUSTIN-LAPTOP" duration="00:00:14.5704256" startTime="2012-10-05T00:11:48.5961759-05:00" endTime="2012-10-05T00:12:03.1666015-05:00" testType="13cdc9d9-ddb5-4fa4-a97d-d965ccfc6d4b" outcome="Aborted" testListId="8c84fa94-04c1-424b-9868-57a2d4851a1d" relativeResultsDirectory="c22d89bc-77ee-4aa9-bd08-61409697afaa">
    </UnitTestResult>
    <UnitTestResult executionId="88657566-286f-479a-9db4-e8f71b623700" testId="e157a724-c08a-c4f6-17c1-285c8f1053d5" testName="RunRandomGame" computerName="AUSTIN-LAPTOP" testType="13cdc9d9-ddb5-4fa4-a97d-d965ccfc6d4b" outcome="NotExecuted" testListId="8c84fa94-04c1-424b-9868-57a2d4851a1d" relativeResultsDirectory="88657566-286f-479a-9db4-e8f71b623700">
    </UnitTestResult>
  </Results>
</TestRun>