<?xml version="1.0" encoding="UTF-8"?>
<TestRun id="45725442-5420-43bc-87e2-192330fc8722" name="Austin@AUSTIN-LAPTOP 2012-10-05 00:26:05" runUser="Austin-Laptop\Austin" xmlns="http://microsoft.com/schemas/VisualStudio/TeamTest/2010">
  <TestSettings name="Local" id="73fe52ec-4f2f-4e88-b818-ba7e66f9e8e5">
    <Description>These are default test settings for a local test run.</Description>
    <Deployment enabled="false" runDeploymentRoot="Austin_AUSTIN-LAPTOP 2012-10-05 00_26_05">
      <DeploymentItem filename="C:\Users\Austin\Documents\Visual Studio 2010\Projects\CodingChallenge\L3tha1Achievements\L3tha1Achievements\bin\Debug\L3tha1Achievements.exe" />
      <DeploymentItem filename="C:\Users\Austin\Documents\Visual Studio 2010\Projects\CodingChallenge\L3tha1Achievements\LATesting\System.Data.SQLite.dll" />
    </Deployment>
    <Execution>
      <TestTypeSpecific />
      <AgentRule name="Execution Agents">
      </AgentRule>
    </Execution>
  </TestSettings>
  <Times creation="2012-10-05T00:26:05.7817092-05:00" queuing="2012-10-05T00:26:06.6709108-05:00" start="2012-10-05T00:26:06.7801110-05:00" finish="2012-10-05T00:26:31.6227732-05:00" />
  <ResultSummary outcome="Error">
    <Counters total="5" executed="4" passed="3" error="0" failed="0" timeout="0" aborted="1" inconclusive="0" passedButRunAborted="0" notRunnable="0" notExecuted="1" disconnected="0" warning="0" completed="0" inProgress="0" pending="0" />
    <RunInfos>
      <RunInfo computerName="AUSTIN-LAPTOP" outcome="Error" timestamp="2012-10-05T00:26:31.6227732-05:00">
        <Text>Test host process exited unexpectedly.</Text>
      </RunInfo>
    </RunInfos>
  </ResultSummary>
  <TestDefinitions>
    <UnitTest name="RunBlankGame" storage="c:\users\austin\documents\visual studio 2010\projects\codingchallenge\l3tha1achievements\latesting\bin\debug\latesting.dll" id="be891441-54d1-746a-1327-8f4d2f22ff1f">
      <Execution id="2ed8cffb-def2-411c-872e-942edfb5d6d3" />
      <TestMethod codeBase="C:/Users/Austin/Documents/Visual Studio 2010/Projects/CodingChallenge/L3tha1Achievements/LATesting/bin/Debug/LATesting.DLL" adapterTypeName="Microsoft.VisualStudio.TestTools.TestTypes.Unit.UnitTestAdapter, Microsoft.VisualStudio.QualityTools.Tips.UnitTest.Adapter, Version=10.0.0.0, Culture=neutral, PublicKeyToken=b03f5f7f11d50a3a" className="LATesting.TestGameOver, LATesting, Version=1.0.0.0, Culture=neutral, PublicKeyToken=null" name="RunBlankGame" />
    </UnitTest>
    <UnitTest name="RunBlankGameWithBlankPlayers" storage="c:\users\austin\documents\visual studio 2010\projects\codingchallenge\l3tha1achievements\latesting\bin\debug\latesting.dll" id="92c9b762-c6f9-2d71-8507-0727a4fa54ad">
      <Execution id="0fad7eb4-f19f-4803-93e5-b318af63ffdf" />
      <TestMethod codeBase="C:/Users/Austin/Documents/Visual Studio 2010/Projects/CodingChallenge/L3tha1Achievements/LATesting/bin/Debug/LATesting.DLL" adapterTypeName="Microsoft.VisualStudio.TestTools.TestTypes.Unit.UnitTestAdapter, Microsoft.VisualStudio.QualityTools.Tips.UnitTest.Adapter, Version=10.0.0.0, Culture=neutral, PublicKeyToken=b03f5f7f11d50a3a" className="LATesting.TestGameOver, LATesting, Version=1.0.0.0, Culture=neutral, PublicKeyToken=null" name="RunBlankGameWithBlankPlayers" />
    </UnitTest>
    <UnitTest name="TestConnection" storage="c:\users\austin\documents\visual studio 2010\projects\codingchallenge\l3tha1achievements\latesting\bin\debug\latesting.dll" id="ad20cce0-f5a4-5c2d-2814-89e48a4f7349">
      <Execution id="e94f0ac0-e4c3-4aab-a8d0-31e05b0655ac" />
      <TestMethod codeBase="C:/Users/Austin/Documents/Visual Studio 2010/Projects/CodingChallenge/L3tha1Achievements/LATesting/bin/Debug/LATesting.DLL" adapterTypeName="Microsoft.VisualStudio.TestTools.TestTypes.Unit.UnitTestAdapter, Microsoft.VisualStudio.QualityTools.Tips.UnitTest.Adapter, Version=10.0.0.0, Culture=neutral, PublicKeyToken=b03f5f7f11d50a3a" className="LATesting.TestGameOver, LATesting, Version=1.0.0.0, Culture=neutral, PublicKeyToken=null" name="TestConnection" />
    </UnitTest>
    <UnitTest name="TestAchievements" storage="c:\users\austin\documents\visual studio 2010\projects\codingchallenge\l3tha1achievements\latesting\bin\debug\latesting.dll" id="dc330f0b-4a6d-6854-4ca6-69ce547540a3">
      <Execution id="d7548411-17fd-4f24-bc85-29f8df0c603d" />
      <TestMethod codeBase="C:/Users/Austin/Documents/Visual Studio 2010/Projects/CodingChallenge/L3tha1Achievements/LATesting/bin/Debug/LATesting.DLL" adapterTypeName="Microsoft.VisualStudio.TestTools.TestTypes.Unit.UnitTestAdapter, Microsoft.VisualStudio.QualityTools.Tips.UnitTest.Adapter, Version=10.0.0.0, Culture=neutral, PublicKeyToken=b03f5f7f11d50a3a" className="LATesting.TestGameOver, LATesting, Version=1.0.0.0, Culture=neutral, PublicKeyToken=null" name="TestAchievements" />
    </UnitTest>
    <UnitTest name="RunRandomGame" storage="c:\users\austin\documents\visual studio 2010\projects\codingchallenge\l3tha1achievements\latesting\bin\debug\latesting.dll" id="e157a724-c08a-c4f6-17c1-285c8f1053d5">
      <Execution id="9f7d1238-e56b-49eb-a778-d81312606660" />
      <TestMethod codeBase="C:/Users/Austin/Documents/Visual Studio 2010/Projects/CodingChallenge/L3tha1Achievements/LATesting/bin/Debug/LATesting.DLL" adapterTypeName="Microsoft.VisualStudio.TestTools.TestTypes.Unit.UnitTestAdapter, Microsoft.VisualStudio.QualityTools.Tips.UnitTest.Adapter, Version=10.0.0.0, Culture=neutral, PublicKeyToken=b03f5f7f11d50a3a" className="LATesting.TestGameOver, LATesting, Version=1.0.0.0, Culture=neutral, PublicKeyToken=null" name="RunRandomGame" />
    </UnitTest>
  </TestDefinitions>
  <TestLists>
    <TestList name="Results Not in a List" id="8c84fa94-04c1-424b-9868-57a2d4851a1d" />
    <TestList name="All Loaded Results" id="19431567-8539-422a-85d7-44ee4e166bda" />
  </TestLists>
  <TestEntries>
    <TestEntry testId="92c9b762-c6f9-2d71-8507-0727a4fa54ad" executionId="0fad7eb4-f19f-4803-93e5-b318af63ffdf" testListId="8c84fa94-04c1-424b-9868-57a2d4851a1d" />
    <TestEntry testId="ad20cce0-f5a4-5c2d-2814-89e48a4f7349" executionId="e94f0ac0-e4c3-4aab-a8d0-31e05b0655ac" testListId="8c84fa94-04c1-424b-9868-57a2d4851a1d" />
    <TestEntry testId="be891441-54d1-746a-1327-8f4d2f22ff1f" executionId="2ed8cffb-def2-411c-872e-942edfb5d6d3" testListId="8c84fa94-04c1-424b-9868-57a2d4851a1d" />
    <TestEntry testId="dc330f0b-4a6d-6854-4ca6-69ce547540a3" executionId="d7548411-17fd-4f24-bc85-29f8df0c603d" testListId="8c84fa94-04c1-424b-9868-57a2d4851a1d" />
    <TestEntry testId="e157a724-c08a-c4f6-17c1-285c8f1053d5" executionId="9f7d1238-e56b-49eb-a778-d81312606660" testListId="8c84fa94-04c1-424b-9868-57a2d4851a1d" />
  </TestEntries>
  <Results>
    <UnitTestResult executionId="0fad7eb4-f19f-4803-93e5-b318af63ffdf" testId="92c9b762-c6f9-2d71-8507-0727a4fa54ad" testName="RunBlankGameWithBlankPlayers" computerName="AUSTIN-LAPTOP" duration="00:00:00.2602731" startTime="2012-10-05T00:26:06.8737112-05:00" endTime="2012-10-05T00:26:08.1841135-05:00" testType="13cdc9d9-ddb5-4fa4-a97d-d965ccfc6d4b" outcome="Passed" testListId="8c84fa94-04c1-424b-9868-57a2d4851a1d" relativeResultsDirectory="0fad7eb4-f19f-4803-93e5-b318af63ffdf">
    </UnitTestResult>
    <UnitTestResult executionId="e94f0ac0-e4c3-4aab-a8d0-31e05b0655ac" testId="ad20cce0-f5a4-5c2d-2814-89e48a4f7349" testName="TestConnection" computerName="AUSTIN-LAPTOP" duration="00:00:00.0064214" startTime="2012-10-05T00:26:08.1841135-05:00" endTime="2012-10-05T00:26:08.2153135-05:00" testType="13cdc9d9-ddb5-4fa4-a97d-d965ccfc6d4b" outcome="Passed" testListId="8c84fa94-04c1-424b-9868-57a2d4851a1d" relativeResultsDirectory="e94f0ac0-e4c3-4aab-a8d0-31e05b0655ac">
    </UnitTestResult>
    <UnitTestResult executionId="2ed8cffb-def2-411c-872e-942edfb5d6d3" testId="be891441-54d1-746a-1327-8f4d2f22ff1f" testName="RunBlankGame" computerName="AUSTIN-LAPTOP" duration="00:00:00.0219350" startTime="2012-10-05T00:26:08.2153135-05:00" endTime="2012-10-05T00:26:08.2465136-05:00" testType="13cdc9d9-ddb5-4fa4-a97d-d965ccfc6d4b" outcome="Passed" testListId="8c84fa94-04c1-424b-9868-57a2d4851a1d" relativeResultsDirectory="2ed8cffb-def2-411c-872e-942edfb5d6d3">
    </UnitTestResult>
    <UnitTestResult executionId="d7548411-17fd-4f24-bc85-29f8df0c603d" testId="dc330f0b-4a6d-6854-4ca6-69ce547540a3" testName="TestAchievements" computerName="AUSTIN-LAPTOP" duration="00:00:23.3606596" startTime="2012-10-05T00:26:08.2621136-05:00" endTime="2012-10-05T00:26:31.6227732-05:00" testType="13cdc9d9-ddb5-4fa4-a97d-d965ccfc6d4b" outcome="Aborted" testListId="8c84fa94-04c1-424b-9868-57a2d4851a1d" relativeResultsDirectory="d7548411-17fd-4f24-bc85-29f8df0c603d">
    </UnitTestResult>
    <UnitTestResult executionId="9f7d1238-e56b-49eb-a778-d81312606660" testId="e157a724-c08a-c4f6-17c1-285c8f1053d5" testName="RunRandomGame" computerName="AUSTIN-LAPTOP" testType="13cdc9d9-ddb5-4fa4-a97d-d965ccfc6d4b" outcome="NotExecuted" testListId="8c84fa94-04c1-424b-9868-57a2d4851a1d" relativeResultsDirectory="9f7d1238-e56b-49eb-a778-d81312606660">
    </UnitTestResult>
  </Results>
</TestRun>