<?xml version="1.0" encoding="UTF-8"?>
<TestRun id="77d0a028-8a29-4ab9-9a43-6aaab48daaee" name="Austin@AUSTIN-LAPTOP 2012-10-05 00:35:55" runUser="Austin-Laptop\Austin" xmlns="http://microsoft.com/schemas/VisualStudio/TeamTest/2010">
  <TestSettings name="Local" id="73fe52ec-4f2f-4e88-b818-ba7e66f9e8e5">
    <Description>These are default test settings for a local test run.</Description>
    <Deployment enabled="false" runDeploymentRoot="Austin_AUSTIN-LAPTOP 2012-10-05 00_35_55">
      <DeploymentItem filename="C:\Users\Austin\Documents\Visual Studio 2010\Projects\CodingChallenge\L3tha1Achievements\L3tha1Achievements\bin\Debug\L3tha1Achievements.exe" />
      <DeploymentItem filename="C:\Users\Austin\Documents\Visual Studio 2010\Projects\CodingChallenge\L3tha1Achievements\LATesting\System.Data.SQLite.dll" />
    </Deployment>
    <Execution>
      <TestTypeSpecific />
      <AgentRule name="Execution Agents">
      </AgentRule>
    </Execution>
  </TestSettings>
  <Times creation="2012-10-05T00:35:55.9968911-05:00" queuing="2012-10-05T00:35:56.8704926-05:00" start="2012-10-05T00:35:56.9796928-05:00" finish="2012-10-05T00:36:06.9949104-05:00" />
  <ResultSummary outcome="Completed">
    <Counters total="5" executed="5" passed="5" error="0" failed="0" timeout="0" aborted="0" inconclusive="0" passedButRunAborted="0" notRunnable="0" notExecuted="0" disconnected="0" warning="0" completed="0" inProgress="0" pending="0" />
  </ResultSummary>
  <TestDefinitions>
    <UnitTest name="RunBlankGame" storage="c:\users\austin\documents\visual studio 2010\projects\codingchallenge\l3tha1achievements\latesting\bin\debug\latesting.dll" id="be891441-54d1-746a-1327-8f4d2f22ff1f">
      <Execution id="37adbce7-42f1-4653-81e7-9cfab7b02be2" />
      <TestMethod codeBase="C:/Users/Austin/Documents/Visual Studio 2010/Projects/CodingChallenge/L3tha1Achievements/LATesting/bin/Debug/LATesting.DLL" adapterTypeName="Microsoft.VisualStudio.TestTools.TestTypes.Unit.UnitTestAdapter, Microsoft.VisualStudio.QualityTools.Tips.UnitTest.Adapter, Version=10.0.0.0, Culture=neutral, PublicKeyToken=b03f5f7f11d50a3a" className="LATesting.TestGameOver, LATesting, Version=1.0.0.0, Culture=neutral, PublicKeyToken=null" name="RunBlankGame" />
    </UnitTest>
    <UnitTest name="RunBlankGameWithBlankPlayers" storage="c:\users\austin\documents\visual studio 2010\projects\codingchallenge\l3tha1achievements\latesting\bin\debug\latesting.dll" id="92c9b762-c6f9-2d71-8507-0727a4fa54ad">
      <Execution id="5d559baa-2aa0-4bc3-b802-693f6a317705" />
      <TestMethod codeBase="C:/Users/Austin/Documents/Visual Studio 2010/Projects/CodingChallenge/L3tha1Achievements/LATesting/bin/Debug/LATesting.DLL" adapterTypeName="Microsoft.VisualStudio.TestTools.TestTypes.Unit.UnitTestAdapter, Microsoft.VisualStudio.QualityTools.Tips.UnitTest.Adapter, Version=10.0.0.0, Culture=neutral, PublicKeyToken=b03f5f7f11d50a3a" className="LATesting.TestGameOver, LATesting, Version=1.0.0.0, Culture=neutral, PublicKeyToken=null" name="RunBlankGameWithBlankPlayers" />
    </UnitTest>
    <UnitTest name="TestConnection" storage="c:\users\austin\documents\visual studio 2010\projects\codingchallenge\l3tha1achievements\latesting\bin\debug\latesting.dll" id="ad20cce0-f5a4-5c2d-2814-89e48a4f7349">
      <Execution id="03028008-d658-4264-92e6-debd2988a863" />
      <TestMethod codeBase="C:/Users/Austin/Documents/Visual Studio 2010/Projects/CodingChallenge/L3tha1Achievements/LATesting/bin/Debug/LATesting.DLL" adapterTypeName="Microsoft.VisualStudio.TestTools.TestTypes.Unit.UnitTestAdapter, Microsoft.VisualStudio.QualityTools.Tips.UnitTest.Adapter, Version=10.0.0.0, Culture=neutral, PublicKeyToken=b03f5f7f11d50a3a" className="LATesting.TestGameOver, LATesting, Version=1.0.0.0, Culture=neutral, PublicKeyToken=null" name="TestConnection" />
    </UnitTest>
    <UnitTest name="TestAchievements" storage="c:\users\austin\documents\visual studio 2010\projects\codingchallenge\l3tha1achievements\latesting\bin\debug\latesting.dll" id="dc330f0b-4a6d-6854-4ca6-69ce547540a3">
      <Execution id="1eba8f34-19e2-44dd-ac27-54fd602367e7" />
      <TestMethod codeBase="C:/Users/Austin/Documents/Visual Studio 2010/Projects/CodingChallenge/L3tha1Achievements/LATesting/bin/Debug/LATesting.DLL" adapterTypeName="Microsoft.VisualStudio.TestTools.TestTypes.Unit.UnitTestAdapter, Microsoft.VisualStudio.QualityTools.Tips.UnitTest.Adapter, Version=10.0.0.0, Culture=neutral, PublicKeyToken=b03f5f7f11d50a3a" className="LATesting.TestGameOver, LATesting, Version=1.0.0.0, Culture=neutral, PublicKeyToken=null" name="TestAchievements" />
    </UnitTest>
    <UnitTest name="RunRandomGame" storage="c:\users\austin\documents\visual studio 2010\projects\codingchallenge\l3tha1achievements\latesting\bin\debug\latesting.dll" id="e157a724-c08a-c4f6-17c1-285c8f1053d5">
      <Execution id="3a393c43-89f8-46b9-aacf-2956afbacf98" />
      <TestMethod codeBase="C:/Users/Austin/Documents/Visual Studio 2010/Projects/CodingChallenge/L3tha1Achievements/LATesting/bin/Debug/LATesting.DLL" adapterTypeName="Microsoft.VisualStudio.TestTools.TestTypes.Unit.UnitTestAdapter, Microsoft.VisualStudio.QualityTools.Tips.UnitTest.Adapter, Version=10.0.0.0, Culture=neutral, PublicKeyToken=b03f5f7f11d50a3a" className="LATesting.TestGameOver, LATesting, Version=1.0.0.0, Culture=neutral, PublicKeyToken=null" name="RunRandomGame" />
    </UnitTest>
  </TestDefinitions>
  <TestLists>
    <TestList name="Results Not in a List" id="8c84fa94-04c1-424b-9868-57a2d4851a1d" />
    <TestList name="All Loaded Results" id="19431567-8539-422a-85d7-44ee4e166bda" />
  </TestLists>
  <TestEntries>
    <TestEntry testId="92c9b762-c6f9-2d71-8507-0727a4fa54ad" executionId="5d559baa-2aa0-4bc3-b802-693f6a317705" testListId="8c84fa94-04c1-424b-9868-57a2d4851a1d" />
    <TestEntry testId="ad20cce0-f5a4-5c2d-2814-89e48a4f7349" executionId="03028008-d658-4264-92e6-debd2988a863" testListId="8c84fa94-04c1-424b-9868-57a2d4851a1d" />
    <TestEntry testId="be891441-54d1-746a-1327-8f4d2f22ff1f" executionId="37adbce7-42f1-4653-81e7-9cfab7b02be2" testListId="8c84fa94-04c1-424b-9868-57a2d4851a1d" />
    <TestEntry testId="dc330f0b-4a6d-6854-4ca6-69ce547540a3" executionId="1eba8f34-19e2-44dd-ac27-54fd602367e7" testListId="8c84fa94-04c1-424b-9868-57a2d4851a1d" />
    <TestEntry testId="e157a724-c08a-c4f6-17c1-285c8f1053d5" executionId="3a393c43-89f8-46b9-aacf-2956afbacf98" testListId="8c84fa94-04c1-424b-9868-57a2d4851a1d" />
  </TestEntries>
  <Results>
    <UnitTestResult executionId="5d559baa-2aa0-4bc3-b802-693f6a317705" testId="92c9b762-c6f9-2d71-8507-0727a4fa54ad" testName="RunBlankGameWithBlankPlayers" computerName="AUSTIN-LAPTOP" duration="00:00:00.2727934" startTime="2012-10-05T00:35:57.0888930-05:00" endTime="2012-10-05T00:35:58.5240955-05:00" testType="13cdc9d9-ddb5-4fa4-a97d-d965ccfc6d4b" outcome="Passed" testListId="8c84fa94-04c1-424b-9868-57a2d4851a1d" relativeResultsDirectory="5d559baa-2aa0-4bc3-b802-693f6a317705">
    </UnitTestResult>
    <UnitTestResult executionId="03028008-d658-4264-92e6-debd2988a863" testId="ad20cce0-f5a4-5c2d-2814-89e48a4f7349" testName="TestConnection" computerName="AUSTIN-LAPTOP" duration="00:00:00.0053315" startTime="2012-10-05T00:35:58.5396955-05:00" endTime="2012-10-05T00:35:58.5552956-05:00" testType="13cdc9d9-ddb5-4fa4-a97d-d965ccfc6d4b" outcome="Passed" testListId="8c84fa94-04c1-424b-9868-57a2d4851a1d" relativeResultsDirectory="03028008-d658-4264-92e6-debd2988a863">
    </UnitTestResult>
    <UnitTestResult executionId="37adbce7-42f1-4653-81e7-9cfab7b02be2" testId="be891441-54d1-746a-1327-8f4d2f22ff1f" testName="RunBlankGame" computerName="AUSTIN-LAPTOP" duration="00:00:00.0294400" startTime="2012-10-05T00:35:58.5552956-05:00" endTime="2012-10-05T00:35:58.6020957-05:00" testType="13cdc9d9-ddb5-4fa4-a97d-d965ccfc6d4b" outcome="Passed" testListId="8c84fa94-04c1-424b-9868-57a2d4851a1d" relativeResultsDirectory="37adbce7-42f1-4653-81e7-9cfab7b02be2">
    </UnitTestResult>
    <UnitTestResult executionId="1eba8f34-19e2-44dd-ac27-54fd602367e7" testId="dc330f0b-4a6d-6854-4ca6-69ce547540a3" testName="TestAchievements" computerName="AUSTIN-LAPTOP" duration="00:00:06.3012192" startTime="2012-10-05T00:35:58.6020957-05:00" endTime="2012-10-05T00:36:04.9201068-05:00" testType="13cdc9d9-ddb5-4fa4-a97d-d965ccfc6d4b" outcome="Passed" testListId="8c84fa94-04c1-424b-9868-57a2d4851a1d" relativeResultsDirectory="1eba8f34-19e2-44dd-ac27-54fd602367e7">
    </UnitTestResult>
    <UnitTestResult executionId="3a393c43-89f8-46b9-aacf-2956afbacf98" testId="e157a724-c08a-c4f6-17c1-285c8f1053d5" testName="RunRandomGame" computerName="AUSTIN-LAPTOP" duration="00:00:01.8831763" startTime="2012-10-05T00:36:04.9357068-05:00" endTime="2012-10-05T00:36:06.8389101-05:00" testType="13cdc9d9-ddb5-4fa4-a97d-d965ccfc6d4b" outcome="Passed" testListId="8c84fa94-04c1-424b-9868-57a2d4851a1d" relativeResultsDirectory="3a393c43-89f8-46b9-aacf-2956afbacf98">
    </UnitTestResult>
  </Results>
</TestRun>